<?xml version="1.0" encoding="UTF-8"?>
<testng-results ignored="0" total="1" passed="1" failed="0" skipped="0">
  <reporter-output>
  </reporter-output>
  <suite started-at="2020-10-18T19:05:58 WAT" name="Default suite" finished-at="2020-10-18T19:07:02 WAT" duration-ms="64062">
    <groups>
    </groups>
    <test started-at="2020-10-18T19:05:58 WAT" name="Default test" finished-at="2020-10-18T19:07:02 WAT" duration-ms="64062">
      <class name="com.w2a.testcase.Parallelscoretest">
        <test-method is-config="true" signature="setUp()[pri:0, instance:com.w2a.testcase.Parallelscoretest@40cb698e]" started-at="2020-10-18T19:05:58 WAT" name="setUp" finished-at="2020-10-18T19:06:44 WAT" duration-ms="46259" status="PASS">
          <reporter-output>
          </reporter-output>
        </test-method> <!-- setUp -->
        <test-method signature="navigation()[pri:0, instance:com.w2a.testcase.Parallelscoretest@40cb698e]" started-at="2020-10-18T19:06:44 WAT" name="navigation" finished-at="2020-10-18T19:06:59 WAT" duration-ms="14755" status="PASS">
          <reporter-output>
          </reporter-output>
        </test-method> <!-- navigation -->
        <test-method is-config="true" signature="tearDown()[pri:0, instance:com.w2a.testcase.Parallelscoretest@40cb698e]" started-at="2020-10-18T19:06:59 WAT" name="tearDown" finished-at="2020-10-18T19:07:02 WAT" duration-ms="2957" status="PASS">
          <reporter-output>
          </reporter-output>
        </test-method> <!-- tearDown -->
      </class> <!-- com.w2a.testcase.Parallelscoretest -->
    </test> <!-- Default test -->
  </suite> <!-- Default suite -->
</testng-results>
